
================================================================
======== FXServer starting - 6/6/2020, 11:12:42 PM
================================================================
Creating script environments for _cfx_internal
Found new resource async in G:/FXServer\server-data/resources//async
Found new resource carpack1 in G:/FXServer\server-data/resources//carpack1
Found new resource cars in G:/FXServer\server-data/resources//cars
Found new resource cron in G:/FXServer\server-data/resources//cron
Found new resource essentialmode in G:/FXServer\server-data/resources//essentialmode
Found new resource essentialmode-old in G:/FXServer\server-data/resources//essentialmode-old
Found new resource fxmigrant in G:/FXServer\server-data/resources//fxmigrant
Found new resource gcphone in G:/FXServer\server-data/resources//gcphone
Found new resource LegacyFuel in G:/FXServer\server-data/resources//LegacyFuel
Found new resource mysql-async in G:/FXServer\server-data/resources//mysql-async
Found new resource RealisticHandle1.0 in G:/FXServer\server-data/resources//RealisticHandle1.0
Found new resource t-loadingscreen in G:/FXServer\server-data/resources//t-loadingscreen
Found new resource trew_hud_ui in G:/FXServer\server-data/resources//trew_hud_ui
Found new resource vMenu in G:/FXServer\server-data/resources//vMenu
Found new resource monitor in G:\FXServer\server\citizen/system_resources//monitor
Found new resource webadmin in G:\FXServer\server\citizen/system_resources//webadmin
Found new resource esplugin_mysql in G:/FXServer\server-data/resources//[esx]/esplugin_mysql
Found new resource esx_addonaccount in G:/FXServer\server-data/resources//[esx]/esx_addonaccount
Found new resource esx_addoninventory in G:/FXServer\server-data/resources//[esx]/esx_addoninventory
Found new resource esx_addons_gcphone in G:/FXServer\server-data/resources//[esx]/esx_addons_gcphone
Found new resource esx_basicneeds in G:/FXServer\server-data/resources//[esx]/esx_basicneeds
Found new resource esx_datastore in G:/FXServer\server-data/resources//[esx]/esx_datastore
Found new resource esx_inventoryhud in G:/FXServer\server-data/resources//[esx]/esx_inventoryhud
Found new resource esx_inventoryhud-org in G:/FXServer\server-data/resources//[esx]/esx_inventoryhud-org
Found new resource esx_inventoryhud_glovebox in G:/FXServer\server-data/resources//[esx]/esx_inventoryhud_glovebox
Found new resource esx_inventoryhud_trunk in G:/FXServer\server-data/resources//[esx]/esx_inventoryhud_trunk
Found new resource esx_shops in G:/FXServer\server-data/resources//[esx]/esx_shops
Found new resource esx_society in G:/FXServer\server-data/resources//[esx]/esx_society
Found new resource esx_status in G:/FXServer\server-data/resources//[esx]/esx_status
Found new resource esx_voice in G:/FXServer\server-data/resources//[esx]/esx_voice
Found new resource esx_weaponshop in G:/FXServer\server-data/resources//[esx]/esx_weaponshop
Found new resource es_extended in G:/FXServer\server-data/resources//[esx]/es_extended
Found new resource new_banking in G:/FXServer\server-data/resources//[esx]/new_banking
Found new resource basic-gamemode in G:/FXServer\server-data/resources//[gamemodes]/basic-gamemode
Found new resource chat in G:/FXServer\server-data/resources//[gameplay]/chat
Found new resource chat-theme-gtao in G:/FXServer\server-data/resources//[gameplay]/chat-theme-gtao
Found new resource playernames in G:/FXServer\server-data/resources//[gameplay]/playernames
Found new resource mapmanager in G:/FXServer\server-data/resources//[managers]/mapmanager
Found new resource spawnmanager in G:/FXServer\server-data/resources//[managers]/spawnmanager
Found new resource baseevents in G:/FXServer\server-data/resources//[system]/baseevents
Found new resource hardcap in G:/FXServer\server-data/resources//[system]/hardcap
Found new resource rconlog in G:/FXServer\server-data/resources//[system]/rconlog
Found new resource runcode in G:/FXServer\server-data/resources//[system]/runcode
Found new resource scoreboard in G:/FXServer\server-data/resources//[system]/scoreboard
Found new resource sessionmanager in G:/FXServer\server-data/resources//[system]/sessionmanager
Found new resource sessionmanager-rdr3 in G:/FXServer\server-data/resources//[system]/sessionmanager-rdr3
Found new resource example-loadscreen in G:/FXServer\server-data/resources//[test]/example-loadscreen
Found new resource fivem in G:/FXServer\server-data/resources//[test]/fivem
Found new resource fivem-map-hipster in G:/FXServer\server-data/resources//[gamemodes]/[maps]/fivem-map-hipster
Found new resource fivem-map-skater in G:/FXServer\server-data/resources//[gamemodes]/[maps]/fivem-map-skater
Found new resource redm-map-one in G:/FXServer\server-data/resources//[gamemodes]/[maps]/redm-map-one
Found new resource webpack in G:/FXServer\server-data/resources//[system]/[builders]/webpack
Found new resource yarn in G:/FXServer\server-data/resources//[system]/[builders]/yarn
Creating script environments for sessionmanager
Started resource sessionmanager
Creating script environments for webadmin
Instantiated instance of script FxWebAdmin.BaseServer.
Instantiated instance of script FxWebAdmin.HttpServer+HttpServerScript.
Started resource webadmin
Creating script environments for monitor
[txAdminClientLUA] Version 2.5.1 starting...
[txAdminClientJS] Logger started
Started resource monitor
Started resource t-loadingscreen
Creating script environments for mapmanager
Started resource mapmanager
Creating script environments for chat
Started resource chat
Started resource spawnmanager
Started gametype Freeroam
Started resource basic-gamemode
Started resource fivem
Creating script environments for hardcap
Started resource hardcap
Creating script environments for rconlog
Started resource rconlog
Started resource scoreboard
Creating script environments for mysql-async
Started resource mysql-async
Creating script environments for cron
CRON STARTED [23:12]
Started resource cron
Creating script environments for esplugin_mysql
Started resource esplugin_mysql
Creating script environments for async
Started resource async
Creating script environments for essentialmode
Instantiated instance of script SQLite.Main.
Started resource essentialmode
Creating script environments for es_extended
Started resource es_extended
Creating script environments for esx_datastore
Started resource esx_datastore
Creating script environments for esx_society
Started resource esx_society
Creating script environments for esx_status
Started resource esx_status
Couldn't find resource esx_bassicneeds.
Creating script environments for fxmigrant
MySqlConnection
Instantiated instance of script FxMigrant.Main.
Started resource fxmigrant
Creating script environments for esx_addons_gcphone
Started resource esx_addons_gcphone
Creating script environments for gcphone
Started resource gcphone
Started resource esx_voice
Creating script environments for new_banking
Started resource new_banking
Creating script environments for esx_addonaccount
Started resource esx_addonaccount
Creating script environments for esx_addoninventory
Started resource esx_addoninventory
Creating script environments for LegacyFuel
Started resource LegacyFuel
Creating script environments for esx_inventoryhud
Started resource esx_inventoryhud
Creating script environments for esx_inventoryhud_trunk
Started resource esx_inventoryhud_trunk
Creating script environments for esx_inventoryhud_glovebox
Started resource esx_inventoryhud_glovebox
Creating script environments for trew_hud_ui
Started resource trew_hud_ui
Creating script environments for vMenu
Instantiated instance of script vMenuServer.BanManager.
Instantiated instance of script vMenuServer.MainServer.
Started resource vMenu
A client has tried to authenticate using Steam, but `steam_webApiKey` is unset. Please set steam_webApiKey to a Steam Web API key as registered on Valve's https://steamcommunity.com/dev/apikey web page. Steam identifier information will be unavailable otherwise.
To suppress this message, `set steam_webApiKey "none"`.
Connecting: Yoshi tosses molly
Started resource cars
Started resource carpack1
Started resource RealisticHandle1.0
Authenticating server license key...
Server license key authentication succeeded. Welcome!
Sending heartbeat to https://servers-ingress-live.fivem.net/ingress
Performing version check against: https://api.kanersps.pw/em/version?version=6.4.2&uuid=2a6a0c82-a9c4-439e-8d32-4b4c4d22cb5d

[txAdminClientLUA] Threads and commands set up. All Ready.
Started map fivem-map-skater
Started resource fivem-map-skater
Authenticating with Nucleus...
server thread hitch warning: timer interval of 1019 milliseconds

[EssentialMode] Current version: 6.4.2
[EssentialMode] Updater version: 6.4.2

Access denied for command sets.
Access denied for command sets.
[EssentialMode] Everything is nice and updated!

Support the developers: Hey! Would you like to support the developers, go to https://www.patreon.com/gdevelopment and get some nifty rewards!
[mysql-async] Database server connection established.
        fff                          
  cccc ff   xx  xx     rr rr    eee  
cc     ffff   xx       rrr  r ee   e 
cc     ff     xx   ... rr     eeeee  
 ccccc ff   xx  xx ... rr      eeeee 
                                     
Authenticated with cfx.re Nucleus: https://jeremysmai-xagvmx.users.cfx.re/
Proxy error: could not get rpuuid: redis: nil
Connecting: Yoshi tosses molly
Sending heartbeat to https://servers-ingress-live.fivem.net/ingress
[txAdminClientLUA] Sending resources list to txAdmin.
ES_ERROR: There seems to be an issue while displaying money, a different type then number was trying to be shown.
[ERROR] [MySQL] [esx_inventoryhud_glovebox] An error happens on MySQL for query "SELECT * FROM owned_vehicles WHERE owner = 'steam:11000013fddf4a0'": ER_NO_SUCH_TABLE: Table 'essentialmode.owned_vehicles' doesn't exist
[ERROR] [MySQL] [esx_inventoryhud_glovebox] An error happens on MySQL for query "SELECT * FROM owned_vehicles WHERE owner = 'steam:11000013fddf4a0'": ER_NO_SUCH_TABLE: Table 'essentialmode.owned_vehicles' doesn't exist
[ERROR] [MySQL] [esx_inventoryhud_trunk] An error happens on MySQL for query "SELECT * FROM owned_vehicles WHERE owner = 'steam:11000013fddf4a0'": ER_NO_SUCH_TABLE: Table 'essentialmode.owned_vehicles' doesn't exist
[ERROR] [MySQL] [esx_inventoryhud_trunk] An error happens on MySQL for query "SELECT * FROM owned_vehicles WHERE owner = 'steam:11000013fddf4a0'": ER_NO_SUCH_TABLE: Table 'essentialmode.owned_vehicles' doesn't exist
ES_ERROR: There seems to be an issue while displaying money, a different type then number was trying to be shown.
INFO: User [1] Yoshi tosses molly authenticated - [1] [1] Yoshi tosses molly@65.26.225.15:65349:65349
[ERROR] [MySQL] [esx_inventoryhud_glovebox] An error happens on MySQL for query "SELECT * FROM owned_vehicles WHERE owner = 'steam:11000013fddf4a0'": ER_NO_SUCH_TABLE: Table 'essentialmode.owned_vehicles' doesn't exist
[ERROR] [MySQL] [esx_inventoryhud_glovebox] An error happens on MySQL for query "SELECT * FROM owned_vehicles WHERE owner = 'steam:11000013fddf4a0'": ER_NO_SUCH_TABLE: Table 'essentialmode.owned_vehicles' doesn't exist
[ERROR] [MySQL] [esx_inventoryhud_trunk] An error happens on MySQL for query "SELECT * FROM owned_vehicles WHERE owner = 'steam:11000013fddf4a0'": ER_NO_SUCH_TABLE: Table 'essentialmode.owned_vehicles' doesn't exist
[ERROR] [MySQL] [esx_inventoryhud_trunk] An error happens on MySQL for query "SELECT * FROM owned_vehicles WHERE owner = 'steam:11000013fddf4a0'": ER_NO_SUCH_TABLE: Table 'essentialmode.owned_vehicles' doesn't exist
Connecting: jeremysmai
Sending heartbeat to https://servers-ingress-live.fivem.net/ingress
ES_ERROR: There seems to be an issue while displaying money, a different type then number was trying to be shown.
[ERROR] [MySQL] [esx_inventoryhud_glovebox] An error happens on MySQL for query "SELECT * FROM owned_vehicles WHERE owner = 'steam:1100001038fbf3c'": ER_NO_SUCH_TABLE: Table 'essentialmode.owned_vehicles' doesn't exist
[ERROR] [MySQL] [esx_inventoryhud_glovebox] An error happens on MySQL for query "SELECT * FROM owned_vehicles WHERE owner = 'steam:1100001038fbf3c'": ER_NO_SUCH_TABLE: Table 'essentialmode.owned_vehicles' doesn't exist
[ERROR] [MySQL] [esx_inventoryhud_trunk] An error happens on MySQL for query "SELECT * FROM owned_vehicles WHERE owner = 'steam:1100001038fbf3c'": ER_NO_SUCH_TABLE: Table 'essentialmode.owned_vehicles' doesn't exist
[ERROR] [MySQL] [esx_inventoryhud_trunk] An error happens on MySQL for query "SELECT * FROM owned_vehicles WHERE owner = 'steam:1100001038fbf3c'": ER_NO_SUCH_TABLE: Table 'essentialmode.owned_vehicles' doesn't exist
ES_ERROR: There seems to be an issue while displaying money, a different type then number was trying to be shown.
[ERROR] [MySQL] [esx_inventoryhud_glovebox] An error happens on MySQL for query "SELECT * FROM owned_vehicles WHERE owner = 'steam:1100001038fbf3c'": ER_NO_SUCH_TABLE: Table 'essentialmode.owned_vehicles' doesn't exist
[ERROR] [MySQL] [esx_inventoryhud_glovebox] An error happens on MySQL for query "SELECT * FROM owned_vehicles WHERE owner = 'steam:1100001038fbf3c'": ER_NO_SUCH_TABLE: Table 'essentialmode.owned_vehicles' doesn't exist
[ERROR] [MySQL] [esx_inventoryhud_trunk] An error happens on MySQL for query "SELECT * FROM owned_vehicles WHERE owner = 'steam:1100001038fbf3c'": ER_NO_SUCH_TABLE: Table 'essentialmode.owned_vehicles' doesn't exist
[ERROR] [MySQL] [esx_inventoryhud_trunk] An error happens on MySQL for query "SELECT * FROM owned_vehicles WHERE owner = 'steam:1100001038fbf3c'": ER_NO_SUCH_TABLE: Table 'essentialmode.owned_vehicles' doesn't exist
[ERROR] [MySQL] [esx_inventoryhud_glovebox] An error happens on MySQL for query "SELECT * FROM owned_vehicles": ER_NO_SUCH_TABLE: Table 'essentialmode.owned_vehicles' doesn't exist
Sending heartbeat to https://servers-ingress-live.fivem.net/ingress
Sending heartbeat to https://servers-ingress-live.fivem.net/ingress
[SAVED] Yoshi tosses molly
[SAVED] jeremysmai
[SAVED] All players
SCRIPT ERROR: @new_banking/server.lua:13: attempt to compare string with number
SCRIPT ERROR: @new_banking/server.lua:13: attempt to compare string with number
null
CALL WITH NUMBER 416-8790
Sending heartbeat to https://servers-ingress-live.fivem.net/ingress
Sending heartbeat to https://servers-ingress-live.fivem.net/ingress
Sending heartbeat to https://servers-ingress-live.fivem.net/ingress
[SAVED] Yoshi tosses molly
[SAVED] jeremysmai
[SAVED] All players
Sending heartbeat to https://servers-ingress-live.fivem.net/ingress
Sending heartbeat to https://servers-ingress-live.fivem.net/ingress
Sending heartbeat to https://servers-ingress-live.fivem.net/ingress
Sending heartbeat to https://servers-ingress-live.fivem.net/ingress
[SAVED] Yoshi tosses molly
[SAVED] jeremysmai
[SAVED] All players
Sending heartbeat to https://servers-ingress-live.fivem.net/ingress
Sending heartbeat to https://servers-ingress-live.fivem.net/ingress
Sending heartbeat to https://servers-ingress-live.fivem.net/ingress
[SAVED] Yoshi tosses molly
[SAVED] jeremysmai
[SAVED] All players
Sending heartbeat to https://servers-ingress-live.fivem.net/ingress
Sending heartbeat to https://servers-ingress-live.fivem.net/ingress
[txAdminClientLUA] Sending resources list to txAdmin.
Sending heartbeat to https://servers-ingress-live.fivem.net/ingress
[SAVED] Yoshi tosses molly
[SAVED] jeremysmai
[SAVED] All players
Sending heartbeat to https://servers-ingress-live.fivem.net/ingress
[txAdminClientLUA] Sending resources list to txAdmin.
[txAdminClientLUA] Sending resources list to txAdmin.
[txAdminClientLUA] Sending resources list to txAdmin.
Sending heartbeat to https://servers-ingress-live.fivem.net/ingress
[txAdminClientLUA] Sending resources list to txAdmin.
[SAVED] jeremysmai
Sending heartbeat to https://servers-ingress-live.fivem.net/ingress
Sending heartbeat to https://servers-ingress-live.fivem.net/ingress
[SAVED] Yoshi tosses molly
Sending heartbeat to https://servers-ingress-live.fivem.net/ingress
Connecting: jeremysmai
[SAVED] All players
Sending heartbeat to https://servers-ingress-live.fivem.net/ingress
Performing version check against: https://api.kanersps.pw/em/version?version=6.4.2&uuid=2a6a0c82-a9c4-439e-8d32-4b4c4d22cb5d

[EssentialMode] Everything is nice and updated!

Support the developers: Hey! Would you like to support the developers, go to https://www.patreon.com/gdevelopment and get some nifty rewards!
ES_ERROR: There seems to be an issue while displaying money, a different type then number was trying to be shown.
[ERROR] [MySQL] [esx_inventoryhud_glovebox] An error happens on MySQL for query "SELECT * FROM owned_vehicles WHERE owner = 'steam:1100001038fbf3c'": ER_NO_SUCH_TABLE: Table 'essentialmode.owned_vehicles' doesn't exist
[ERROR] [MySQL] [esx_inventoryhud_glovebox] An error happens on MySQL for query "SELECT * FROM owned_vehicles WHERE owner = 'steam:1100001038fbf3c'": ER_NO_SUCH_TABLE: Table 'essentialmode.owned_vehicles' doesn't exist
[ERROR] [MySQL] [esx_inventoryhud_trunk] An error happens on MySQL for query "SELECT * FROM owned_vehicles WHERE owner = 'steam:1100001038fbf3c'": ER_NO_SUCH_TABLE: Table 'essentialmode.owned_vehicles' doesn't exist
[ERROR] [MySQL] [esx_inventoryhud_trunk] An error happens on MySQL for query "SELECT * FROM owned_vehicles WHERE owner = 'steam:1100001038fbf3c'": ER_NO_SUCH_TABLE: Table 'essentialmode.owned_vehicles' doesn't exist
ES_ERROR: There seems to be an issue while displaying money, a different type then number was trying to be shown.
[ERROR] [MySQL] [esx_inventoryhud_glovebox] An error happens on MySQL for query "SELECT * FROM owned_vehicles WHERE owner = 'steam:1100001038fbf3c'": ER_NO_SUCH_TABLE: Table 'essentialmode.owned_vehicles' doesn't exist
[ERROR] [MySQL] [esx_inventoryhud_glovebox] An error happens on MySQL for query "SELECT * FROM owned_vehicles WHERE owner = 'steam:1100001038fbf3c'": ER_NO_SUCH_TABLE: Table 'essentialmode.owned_vehicles' doesn't exist
[ERROR] [MySQL] [esx_inventoryhud_trunk] An error happens on MySQL for query "SELECT * FROM owned_vehicles WHERE owner = 'steam:1100001038fbf3c'": ER_NO_SUCH_TABLE: Table 'essentialmode.owned_vehicles' doesn't exist
[ERROR] [MySQL] [esx_inventoryhud_trunk] An error happens on MySQL for query "SELECT * FROM owned_vehicles WHERE owner = 'steam:1100001038fbf3c'": ER_NO_SUCH_TABLE: Table 'essentialmode.owned_vehicles' doesn't exist
Sending heartbeat to https://servers-ingress-live.fivem.net/ingress
Connecting: Yoshi tosses molly
Sending heartbeat to https://servers-ingress-live.fivem.net/ingress
ES_ERROR: There seems to be an issue while displaying money, a different type then number was trying to be shown.
[ERROR] [MySQL] [esx_inventoryhud_glovebox] An error happens on MySQL for query "SELECT * FROM owned_vehicles WHERE owner = 'steam:11000013fddf4a0'": ER_NO_SUCH_TABLE: Table 'essentialmode.owned_vehicles' doesn't exist
[ERROR] [MySQL] [esx_inventoryhud_glovebox] An error happens on MySQL for query "SELECT * FROM owned_vehicles WHERE owner = 'steam:11000013fddf4a0'": ER_NO_SUCH_TABLE: Table 'essentialmode.owned_vehicles' doesn't exist
[ERROR] [MySQL] [esx_inventoryhud_trunk] An error happens on MySQL for query "SELECT * FROM owned_vehicles WHERE owner = 'steam:11000013fddf4a0'": ER_NO_SUCH_TABLE: Table 'essentialmode.owned_vehicles' doesn't exist
[ERROR] [MySQL] [esx_inventoryhud_trunk] An error happens on MySQL for query "SELECT * FROM owned_vehicles WHERE owner = 'steam:11000013fddf4a0'": ER_NO_SUCH_TABLE: Table 'essentialmode.owned_vehicles' doesn't exist
ES_ERROR: There seems to be an issue while displaying money, a different type then number was trying to be shown.
[ERROR] [MySQL] [esx_inventoryhud_glovebox] An error happens on MySQL for query "SELECT * FROM owned_vehicles WHERE owner = 'steam:11000013fddf4a0'": ER_NO_SUCH_TABLE: Table 'essentialmode.owned_vehicles' doesn't exist
[ERROR] [MySQL] [esx_inventoryhud_glovebox] An error happens on MySQL for query "SELECT * FROM owned_vehicles WHERE owner = 'steam:11000013fddf4a0'": ER_NO_SUCH_TABLE: Table 'essentialmode.owned_vehicles' doesn't exist
[ERROR] [MySQL] [esx_inventoryhud_trunk] An error happens on MySQL for query "SELECT * FROM owned_vehicles WHERE owner = 'steam:11000013fddf4a0'": ER_NO_SUCH_TABLE: Table 'essentialmode.owned_vehicles' doesn't exist
[ERROR] [MySQL] [esx_inventoryhud_trunk] An error happens on MySQL for query "SELECT * FROM owned_vehicles WHERE owner = 'steam:11000013fddf4a0'": ER_NO_SUCH_TABLE: Table 'essentialmode.owned_vehicles' doesn't exist
INFO: User [4] Yoshi tosses molly authenticated - [1] [4] Yoshi tosses molly@65.26.225.15:50452:50452
[txAdminClientLUA] Sending resources list to txAdmin.
Sending heartbeat to https://servers-ingress-live.fivem.net/ingress
Sending heartbeat to https://servers-ingress-live.fivem.net/ingress
[SAVED] Yoshi tosses molly
[SAVED] jeremysmai
[SAVED] All players
Sending heartbeat to https://servers-ingress-live.fivem.net/ingress
Sending heartbeat to https://servers-ingress-live.fivem.net/ingress
Sending heartbeat to https://servers-ingress-live.fivem.net/ingress
[SAVED] jeremysmai
[SAVED] Yoshi tosses molly
[SAVED] All players
Sending heartbeat to https://servers-ingress-live.fivem.net/ingress
Sending heartbeat to https://servers-ingress-live.fivem.net/ingress
Sending heartbeat to https://servers-ingress-live.fivem.net/ingress
[SAVED] Yoshi tosses molly
Sending heartbeat to https://servers-ingress-live.fivem.net/ingress
[SAVED] jeremysmai
[SAVED] All players
Sending heartbeat to https://servers-ingress-live.fivem.net/ingress
[txAdminClientLUA] Sending resources list to txAdmin.
Sending heartbeat to https://servers-ingress-live.fivem.net/ingress
[txAdminClientLUA] Kicking all players with reason: Server shutting down (jeremysmai).
[SAVED] jeremysmai
